2022-04-18 00:33:32,125INFOPerforming ETL
2022-04-18 00:33:32,126INFOETL Begin
2022-04-18 00:33:32,126INFOBegin Extract
2022-04-18 00:33:32,888INFOExtracted Successfully
2022-04-18 00:33:32,970INFOExtracted Successfully
2022-04-18 00:33:32,985INFOExtracted Successfully
2022-04-18 00:33:33,004INFOExtracted Successfully
2022-04-18 00:33:33,016INFOExtracted Successfully
2022-04-18 00:33:33,030INFOExtracted Successfully
2022-04-18 00:33:33,042INFOExtracted Successfully
2022-04-18 00:33:33,042INFOExtracted Successfully
2022-04-18 00:33:33,063INFOExtracted Successfully
2022-04-18 00:33:33,126INFOExtracted Successfully
2022-04-18 00:33:33,754INFOExtracted Successfully
2022-04-18 00:33:33,756INFOExtracted Successfully
2022-04-18 00:33:33,756INFOExtracted Successfully
2022-04-18 00:33:33,763INFOExtracted Successfully
2022-04-18 00:33:33,784INFOExtracted Successfully
2022-04-18 00:33:33,786INFOExtracted Successfully
2022-04-18 00:33:33,842INFOExtracted Successfully
2022-04-18 00:33:33,853INFOExtracted Successfully
2022-04-18 00:33:33,853INFOEnd Extract
2022-04-18 00:33:33,854INFOBegin Transform
2022-04-18 00:33:33,913INFOcsv to pd successful
2022-04-18 00:33:33,913INFOcsv to pd successful
2022-04-18 00:33:33,914INFOcsv to pd successful
2022-04-18 00:33:33,917INFOcsv to pd successful
2022-04-18 00:33:33,919INFOcsv to pd successful
2022-04-18 00:33:33,925INFOcsv to pd successful
2022-04-18 00:33:33,960INFOcsv to pd successful
2022-04-18 00:33:33,962INFOcsv to pd successful
2022-04-18 00:33:33,964INFOcsv to pd successful
2022-04-18 00:33:33,969INFOcsv to pd successful
2022-04-18 00:33:33,972INFOcsv to pd successful
2022-04-18 00:33:33,974INFOcsv to pd successful
2022-04-18 00:33:33,981INFOcsv to pd successful
2022-04-18 00:33:33,983INFOcsv to pd successful
2022-04-18 00:33:33,984INFOcsv to pd successful
2022-04-18 00:33:33,986INFOcsv to pd successful
2022-04-18 00:33:33,992INFOcsv to pd successful
2022-04-18 00:33:33,995INFOcsv to pd successful
2022-04-18 00:33:33,996INFODf_country
2022-04-18 00:33:33,996INFO<bound method DataFrame.info of                     Country Name Country Code
0                          Aruba          ABW
1    Africa Eastern and Southern          AFE
2                    Afghanistan          AFG
3     Africa Western and Central          AFW
4                         Angola          AGO
..                           ...          ...
261                       Kosovo          XKX
262                  Yemen, Rep.          YEM
263                 South Africa          ZAF
264                       Zambia          ZMB
265                     Zimbabwe          ZWE

[266 rows x 2 columns]>
2022-04-18 00:33:34,017INFODf_indicator
2022-04-18 00:33:34,017INFO<bound method DataFrame.info of                                       Indicator Name            Indicator Code
0                       Population growth (annual %)               SP.POP.GROW
0  Coverage of social insurance programs (% of po...  per_si_allsi.cov_pop_tot
0              Current health expenditure (% of GDP)         SH.XPD.CHEX.GD.ZS
0  Current health expenditure per capita (current...         SH.XPD.CHEX.PC.CD
0  Domestic general government health expenditure...         SH.XPD.GHED.CH.ZS
0  Domestic general government health expenditure...         SH.XPD.GHED.GD.ZS
0  Domestic general government health expenditure...         SH.XPD.GHED.PC.CD
0  Domestic private health expenditure per capita...         SH.XPD.PVTD.PC.CD
0                                  GDP (current US$)            NY.GDP.MKTP.CD
0                       GDP per capita (current US$)            NY.GDP.PCAP.CD
0                 Inflation, GDP deflator (annual %)         NY.GDP.DEFL.KD.ZG
0  Proportion of population spending more than 10...         SH.UHC.OOPC.10.ZS
0  Proportion of population spending more than 25...         SH.UHC.OOPC.25.ZS
0  Out-of-pocket expenditure per capita (current ...         SH.XPD.OOPC.PC.CD
0  Proportion of population pushed below the $1.9...            SH.UHC.NOP1.ZS
0  Proportion of population pushed below the $3.2...            SH.UHC.NOP2.ZS
0                      Physicians (per 1,000 people)            SH.MED.PHYS.ZS
0                                  Population, total               SP.POP.TOTL>
2022-04-18 00:33:34,025INFODf_year
2022-04-18 00:33:34,025INFO<bound method DataFrame.info of     Year
0   1960
1   1961
2   1962
3   1963
4   1964
..   ...
57  2017
58  2018
59  2019
60  2020
61  2021

[62 rows x 1 columns]>
2022-04-18 00:33:34,042INFODf_fact_table
2022-04-18 00:33:34,042INFO<bound method DataFrame.info of     Country Code Indicator Code          1960          1961          1962          1963  ...          2016          2017          2018          2019          2020        2021
0            ABW    SP.POP.GROW           NaN  2.236462e+00  1.432843e+00  8.235018e-01  ...  5.028595e-01  4.718740e-01  4.592659e-01  4.374147e-01  4.280169e-01         NaN
1            AFE    SP.POP.GROW           NaN  2.539822e+00  2.575182e+00  2.606839e+00  ...  2.712218e+00  2.690902e+00  2.665620e+00  2.636666e+00  2.605427e+00         NaN
2            AFG    SP.POP.GROW           NaN  1.898499e+00  1.965805e+00  2.029830e+00  ...  2.778035e+00  2.547833e+00  2.384309e+00  2.313073e+00  2.303812e+00         NaN
3            AFW    SP.POP.GROW  2.034308e+00  2.085972e+00  2.133725e+00  2.173361e+00  ...  2.730332e+00  2.719330e+00  2.704168e+00  2.684152e+00  2.660902e+00         NaN
4            AGO    SP.POP.GROW           NaN  1.392891e+00  1.383296e+00  1.256405e+00  ...  3.378269e+00  3.322158e+00  3.276145e+00  3.242914e+00  3.218530e+00         NaN
..           ...            ...           ...           ...           ...           ...  ...           ...           ...           ...           ...           ...         ...
261          XKX    SP.POP.TOTL  9.470000e+05  9.660000e+05  9.940000e+05  1.022000e+06  ...  1.777557e+06  1.791003e+06  1.797085e+06  1.788878e+06  1.775378e+06   1781000.0
262          YEM    SP.POP.TOTL  5.315351e+06  5.393034e+06  5.473671e+06  5.556767e+06  ...  2.716821e+07  2.783481e+07  2.849868e+07  2.916192e+07  2.982597e+07  30491000.0
263          ZAF    SP.POP.TOTL  1.709984e+07  1.752453e+07  1.796573e+07  1.842316e+07  ...  5.620765e+07  5.700975e+07  5.779252e+07  5.855827e+07  5.930869e+07  60042000.0
264          ZMB    SP.POP.TOTL  3.070780e+06  3.164330e+06  3.260645e+06  3.360099e+06  ...  1.636345e+07  1.685361e+07  1.735171e+07  1.786103e+07  1.838396e+07  18921000.0
265          ZWE    SP.POP.TOTL  3.776679e+06  3.905038e+06  4.039209e+06  4.178726e+06  ...  1.403034e+07  1.423660e+07  1.443881e+07  1.464547e+07  1.486293e+07  15092000.0

[4788 rows x 64 columns]>
2022-04-18 00:33:34,175INFOEnd Transform
2022-04-18 00:33:34,176INFOBegin Load
2022-04-18 00:33:34,352INFOEnd Load
2022-04-18 00:33:34,354INFOETL End
